<?xml version="1.0" encoding="UTF-8"?>
<!-- Generated by org.testng.reporters.JUnitReportReporter -->
<testsuite hostname="LaShawn" failures="0" tests="3" name="testCases.TC03_AddToCart" time="24.765" errors="0" timestamp="2025-08-28T11:52:58 EDT" skipped="0">
  <testcase classname="testCases.TC03_AddToCart" name="testAddToCart" time="8.906"/>
  <testcase classname="testCases.TC03_AddToCart" name="testAddToCart" time="7.933"/>
  <testcase classname="testCases.TC03_AddToCart" name="testAddToCart" time="7.926"/>
</testsuite> <!-- testCases.TC03_AddToCart -->
