<?xml version="1.0" encoding="UTF-8"?>
<!-- Generated by org.testng.reporters.JUnitReportReporter -->
<testsuite hostname="LaShawn" failures="0" tests="3" name="testCases.TC06_AddAffiliate" time="13.439" errors="0" timestamp="2025-08-28T11:52:58 EDT" skipped="0">
  <testcase classname="testCases.TC06_AddAffiliate" name="testAddAffiliate" time="4.760"/>
  <testcase classname="testCases.TC06_AddAffiliate" name="testAddAffiliate" time="4.702"/>
  <testcase classname="testCases.TC06_AddAffiliate" name="testAddAffiliate" time="3.977"/>
</testsuite> <!-- testCases.TC06_AddAffiliate -->
