<?xml version="1.0" encoding="UTF-8"?>
<!-- Generated by org.testng.reporters.JUnitReportReporter -->
<testsuite hostname="LaShawn" failures="0" tests="3" name="testCases.TC01_LaunchApplication" time="1.207" errors="0" timestamp="2025-08-28T11:52:58 EDT" skipped="0">
  <testcase classname="testCases.TC01_LaunchApplication" name="testLaunchApplication" time="0.064"/>
  <testcase classname="testCases.TC01_LaunchApplication" name="testLaunchApplication" time="0.976"/>
  <testcase classname="testCases.TC01_LaunchApplication" name="testLaunchApplication" time="0.167"/>
</testsuite> <!-- testCases.TC01_LaunchApplication -->
