<?xml version="1.0" encoding="UTF-8"?>
<!-- Generated by org.testng.reporters.JUnitReportReporter -->
<testsuite hostname="LaShawn" failures="0" tests="15" name="testCases.TC02_Login" time="32.306" errors="0" timestamp="2025-08-28T11:52:58 EDT" skipped="0">
  <testcase classname="testCases.TC02_Login" name="testLogin" time="2.174"/>
  <testcase classname="testCases.TC02_Login" name="testLogin" time="1.899"/>
  <testcase classname="testCases.TC02_Login" name="testLogin" time="1.876"/>
  <testcase classname="testCases.TC02_Login" name="testLogin" time="1.449"/>
  <testcase classname="testCases.TC02_Login" name="testLogin" time="4.277"/>
  <testcase classname="testCases.TC02_Login" name="testLogin" time="2.279"/>
  <testcase classname="testCases.TC02_Login" name="testLogin" time="2.185"/>
  <testcase classname="testCases.TC02_Login" name="testLogin" time="1.851"/>
  <testcase classname="testCases.TC02_Login" name="testLogin" time="1.185"/>
  <testcase classname="testCases.TC02_Login" name="testLogin" time="1.729"/>
  <testcase classname="testCases.TC02_Login" name="testLogin" time="3.751"/>
  <testcase classname="testCases.TC02_Login" name="testLogin" time="1.703"/>
  <testcase classname="testCases.TC02_Login" name="testLogin" time="1.879"/>
  <testcase classname="testCases.TC02_Login" name="testLogin" time="1.958"/>
  <testcase classname="testCases.TC02_Login" name="testLogin" time="2.111"/>
</testsuite> <!-- testCases.TC02_Login -->
