<?xml version="1.0" encoding="UTF-8"?>
<!-- Generated by org.testng.reporters.JUnitReportReporter -->
<testsuite hostname="LaShawn" failures="0" tests="3" name="testCases.TC03_AddToCart" time="24.002" errors="0" timestamp="2025-08-28T23:53:21 EDT" skipped="0">
  <testcase classname="testCases.TC03_AddToCart" name="testAddToCart" time="8.511"/>
  <testcase classname="testCases.TC03_AddToCart" name="testAddToCart" time="8.620"/>
  <testcase classname="testCases.TC03_AddToCart" name="testAddToCart" time="6.871"/>
</testsuite> <!-- testCases.TC03_AddToCart -->
