<?xml version="1.0" encoding="UTF-8"?>
<!-- Generated by org.testng.reporters.JUnitReportReporter -->
<testsuite hostname="LaShawn" failures="0" tests="3" name="testCases.TC06_AddAffiliate" time="17.795" errors="0" timestamp="2025-08-28T23:53:21 EDT" skipped="0">
  <testcase classname="testCases.TC06_AddAffiliate" name="testAddAffiliate" time="6.780"/>
  <testcase classname="testCases.TC06_AddAffiliate" name="testAddAffiliate" time="5.175"/>
  <testcase classname="testCases.TC06_AddAffiliate" name="testAddAffiliate" time="5.840"/>
</testsuite> <!-- testCases.TC06_AddAffiliate -->
