<?xml version="1.0" encoding="UTF-8"?>
<!-- Generated by org.testng.reporters.JUnitReportReporter -->
<testsuite hostname="LaShawn" failures="0" tests="3" name="testCases.TC01_LaunchApplication" time="1.548" errors="0" timestamp="2025-08-28T23:53:21 EDT" skipped="0">
  <testcase classname="testCases.TC01_LaunchApplication" name="testLaunchApplication" time="0.122"/>
  <testcase classname="testCases.TC01_LaunchApplication" name="testLaunchApplication" time="1.363"/>
  <testcase classname="testCases.TC01_LaunchApplication" name="testLaunchApplication" time="0.063"/>
</testsuite> <!-- testCases.TC01_LaunchApplication -->
