<?xml version="1.0" encoding="UTF-8"?>
<!-- Generated by org.testng.reporters.JUnitReportReporter -->
<testsuite hostname="LaShawn" failures="0" tests="15" name="testCases.TC02_Login" time="33.046" errors="0" timestamp="2025-08-28T23:53:21 EDT" skipped="0">
  <testcase classname="testCases.TC02_Login" name="testLogin" time="2.142"/>
  <testcase classname="testCases.TC02_Login" name="testLogin" time="1.967"/>
  <testcase classname="testCases.TC02_Login" name="testLogin" time="1.217"/>
  <testcase classname="testCases.TC02_Login" name="testLogin" time="2.376"/>
  <testcase classname="testCases.TC02_Login" name="testLogin" time="0.972"/>
  <testcase classname="testCases.TC02_Login" name="testLogin" time="2.945"/>
  <testcase classname="testCases.TC02_Login" name="testLogin" time="2.404"/>
  <testcase classname="testCases.TC02_Login" name="testLogin" time="1.327"/>
  <testcase classname="testCases.TC02_Login" name="testLogin" time="1.242"/>
  <testcase classname="testCases.TC02_Login" name="testLogin" time="3.204"/>
  <testcase classname="testCases.TC02_Login" name="testLogin" time="2.386"/>
  <testcase classname="testCases.TC02_Login" name="testLogin" time="2.817"/>
  <testcase classname="testCases.TC02_Login" name="testLogin" time="2.943"/>
  <testcase classname="testCases.TC02_Login" name="testLogin" time="2.945"/>
  <testcase classname="testCases.TC02_Login" name="testLogin" time="2.159"/>
</testsuite> <!-- testCases.TC02_Login -->
