<?xml version="1.0" encoding="UTF-8"?>
<!-- Generated by org.testng.reporters.JUnitReportReporter -->
<testsuite hostname="LaShawn" failures="0" tests="3" name="testCases.TC05_AddToWishList" time="22.661" errors="0" timestamp="2025-08-28T23:53:21 EDT" skipped="0">
  <testcase classname="testCases.TC05_AddToWishList" name="testAddToWishList" time="10.417"/>
  <testcase classname="testCases.TC05_AddToWishList" name="testAddToWishList" time="5.025"/>
  <testcase classname="testCases.TC05_AddToWishList" name="testAddToWishList" time="7.219"/>
</testsuite> <!-- testCases.TC05_AddToWishList -->
